<?xml version="1.0" encoding="UTF-8"?>
<!-- Generated by org.testng.reporters.JUnitXMLReporter -->
<testsuite ignored="0" hostname="Hanumaraddys-MacBook-Air.local" failures="0" tests="2" name="Block Test Suite" time="28.341" errors="0" timestamp="2024-10-12T20:29:35 IST">
  <testcase classname="tests.BlockTests" name="testValidateTransactionText" time="0.557"/>
  <testcase classname="tests.BlockTests" name="testValidateTransactionsWithOneInputTwoOutputs" time="0.037"/>
</testsuite> <!-- Block Test Suite -->
