<?xml version="1.0" encoding="UTF-8"?>
<testng-results ignored="0" total="2" passed="2" failed="0" skipped="0">
  <reporter-output>
  </reporter-output>
  <suite started-at="2024-10-12T20:29:07 IST" name="BitGo Automation Suite" finished-at="2024-10-12T20:29:35 IST" duration-ms="28341">
    <groups>
    </groups>
    <test started-at="2024-10-12T20:29:07 IST" name="Block Test Suite" finished-at="2024-10-12T20:29:35 IST" duration-ms="28341">
      <class name="tests.BlockTests">
        <test-method is-config="true" signature="setUp()[pri:0, instance:tests.BlockTests@4a883b15]" started-at="2024-10-12T20:29:07 IST" name="setUp" finished-at="2024-10-12T20:29:34 IST" duration-ms="27547" status="PASS">
          <reporter-output>
          </reporter-output>
        </test-method> <!-- setUp -->
        <test-method signature="testValidateTransactionText()[pri:1, instance:tests.BlockTests@4a883b15]" started-at="2024-10-12T20:29:34 IST" name="testValidateTransactionText" finished-at="2024-10-12T20:29:35 IST" duration-ms="557" status="PASS">
          <reporter-output>
          </reporter-output>
        </test-method> <!-- testValidateTransactionText -->
        <test-method signature="testValidateTransactionsWithOneInputTwoOutputs()[pri:2, instance:tests.BlockTests@4a883b15]" started-at="2024-10-12T20:29:35 IST" name="testValidateTransactionsWithOneInputTwoOutputs" finished-at="2024-10-12T20:29:35 IST" duration-ms="37" status="PASS">
          <reporter-output>
          </reporter-output>
        </test-method> <!-- testValidateTransactionsWithOneInputTwoOutputs -->
        <test-method is-config="true" signature="tearDown()[pri:0, instance:tests.BlockTests@4a883b15]" started-at="2024-10-12T20:29:35 IST" name="tearDown" finished-at="2024-10-12T20:29:35 IST" duration-ms="136" status="PASS">
          <reporter-output>
          </reporter-output>
        </test-method> <!-- tearDown -->
      </class> <!-- tests.BlockTests -->
    </test> <!-- Block Test Suite -->
  </suite> <!-- BitGo Automation Suite -->
</testng-results>
